<?xml version="1.0" encoding="UTF-8"?>
<Site BuildName="(empty)"
	BuildStamp="20240220-0514-Experimental"
	Name="(empty)"
	Generator="ctest-3.28.1"
	CompilerName=""
	CompilerVersion=""
	OSName="Windows"
	Hostname="DESKTOP-0OR7908"
	OSRelease=" Professional"
	OSVersion=" (Build 22621)"
	OSPlatform="AMD64"
	Is64Bits="1"
	VendorString="GenuineIntel"
	VendorID="Intel Corporation"
	FamilyID="6"
	ModelID="7"
	ProcessorCacheSize="-1"
	NumberOfLogicalCPU="12"
	NumberOfPhysicalCPU="6"
	TotalVirtualMemory="30461"
	TotalPhysicalMemory="16125"
	LogicalProcessorsPerPhysical="2"
	ProcessorClockFrequency="2496"
	>
	<Testing>
		<StartDateTime>Feb 20 13:14 [NON-UTF-8-BYTE-0xA5]x[NON-UTF-8-BYTE-0xA5]_[NON-UTF-8-BYTE-0xBC]зǮɶ[NON-UTF-8-BYTE-0xA1]</StartDateTime>
		<StartTestTime>1708406053</StartTestTime>
		<TestList/>
		<EndDateTime>Feb 20 13:14 [NON-UTF-8-BYTE-0xA5]x[NON-UTF-8-BYTE-0xA5]_[NON-UTF-8-BYTE-0xBC]зǮɶ[NON-UTF-8-BYTE-0xA1]</EndDateTime>
		<EndTestTime>1708406053</EndTestTime>
		<ElapsedMinutes>0</ElapsedMinutes>
	</Testing>
</Site>
